<?xml version="1.0" encoding="UTF-8"?>
<!-- Generated by org.testng.reporters.JUnitReportReporter -->
<testsuite hostname="HDU82504" name="cenarios._021RegraBloqueioVeja" tests="1" failures="0" timestamp="5 Apr 2022 23:07:05 GMT" time="159.347" errors="0">
  <testcase name="RegraBloqueioVeja" time="159.347" classname="cenarios._021RegraBloqueioVeja"/>
</testsuite> <!-- cenarios._021RegraBloqueioVeja -->
