<?xml version="1.0" encoding="UTF-8"?>
<!-- Generated by org.testng.reporters.JUnitReportReporter -->
<testsuite hostname="HDU82504" name="exemplos._010TesteSaudeDigitalChekout" tests="1" failures="0" timestamp="21 Dec 2021 12:37:45 GMT" time="47.047" errors="0">
  <testcase name="TesteSaudeDigitalChekout" time="47.047" classname="exemplos._010TesteSaudeDigitalChekout"/>
</testsuite> <!-- exemplos._010TesteSaudeDigitalChekout -->
