<?xml version="1.0" encoding="UTF-8"?>
<!-- Generated by org.testng.reporters.JUnitReportReporter -->
<testsuite hostname="HDU82504" name="cenarios._022RegraBloqueioVejaSP" tests="1" failures="0" timestamp="5 Apr 2022 23:07:05 GMT" time="144.643" errors="0">
  <testcase name="RegraBloqueioVejaSP" time="144.643" classname="cenarios._022RegraBloqueioVejaSP"/>
</testsuite> <!-- cenarios._022RegraBloqueioVejaSP -->
