<?xml version="1.0" encoding="UTF-8"?>
<!-- Generated by org.testng.reporters.JUnitReportReporter -->
<testsuite hostname="HDU82504" name="exemplos._006CompraDebitoAutomaticoQR" tests="1" failures="0" timestamp="21 Dec 2021 21:23:43 GMT" time="70.793" errors="0">
  <testcase name="CompraDebitoAutomaticoQR" time="70.793" classname="exemplos._006CompraDebitoAutomaticoQR"/>
</testsuite> <!-- exemplos._006CompraDebitoAutomaticoQR -->
