<?xml version="1.0" encoding="UTF-8"?>
<!-- Generated by org.testng.reporters.JUnitReportReporter -->
<testsuite hostname="HDU82504" name="cenarios._003CompraDebitoAutomaticoVeja" tests="1" failures="0" timestamp="6 Apr 2022 12:43:32 GMT" time="95.354" errors="0">
  <testcase name="CompraDebitoAutomaticoVeja" time="95.354" classname="cenarios._003CompraDebitoAutomaticoVeja"/>
</testsuite> <!-- cenarios._003CompraDebitoAutomaticoVeja -->
