<?xml version="1.0" encoding="UTF-8"?>
<!-- Generated by org.testng.reporters.JUnitReportReporter -->
<testsuite hostname="HDU82504" name="exemplos_paralelo._002CalcularPrecoPrazoEntregaCartaSimples" tests="1" failures="0" timestamp="7 Jan 2022 22:37:30 GMT" time="5.436" errors="1">
  <testcase name="_002_carta_simples" time="5.436" classname="exemplos_paralelo._002CalcularPrecoPrazoEntregaCartaSimples">
    <error type="java.lang.NoSuchMethodError" message="exemplos_paralelo._002CalcularPrecoPrazoEntregaCartaSimples.acessarURLCalculoPrecoPrazoEntregaCorreios(Lorg/openqa/selenium/WebDriver;)V">
      <![CDATA[java.lang.NoSuchMethodError: exemplos_paralelo._002CalcularPrecoPrazoEntregaCartaSimples.acessarURLCalculoPrecoPrazoEntregaCorreios(Lorg/openqa/selenium/WebDriver;)V
	at exemplos_paralelo._002CalcularPrecoPrazoEntregaCartaSimples._002_carta_simples(_002CalcularPrecoPrazoEntregaCartaSimples.java:17)
	at sun.reflect.NativeMethodAccessorImpl.invoke0(Native Method)
	at sun.reflect.NativeMethodAccessorImpl.invoke(Unknown Source)
	at sun.reflect.DelegatingMethodAccessorImpl.invoke(Unknown Source)
	at java.lang.reflect.Method.invoke(Unknown Source)
	at org.testng.internal.MethodInvocationHelper.invokeMethod(MethodInvocationHelper.java:86)
	at org.testng.internal.Invoker.invokeMethod(Invoker.java:645)
	at org.testng.internal.Invoker.invokeTestMethod(Invoker.java:822)
	at org.testng.internal.Invoker.invokeTestMethods(Invoker.java:1130)
	at org.testng.internal.TestMethodWorker.invokeTestMethods(TestMethodWorker.java:129)
	at org.testng.internal.TestMethodWorker.run(TestMethodWorker.java:112)
	at java.util.concurrent.ThreadPoolExecutor.runWorker(Unknown Source)
	at java.util.concurrent.ThreadPoolExecutor$Worker.run(Unknown Source)
	at java.lang.Thread.run(Unknown Source)
]]>
    </error>
  </testcase> <!-- _002_carta_simples -->
</testsuite> <!-- exemplos_paralelo._002CalcularPrecoPrazoEntregaCartaSimples -->
