<?xml version="1.0" encoding="UTF-8"?>
<!-- Generated by org.testng.reporters.JUnitReportReporter -->
<testsuite hostname="HDU82504" name="cenarios._002LoginOrganicoTopo" tests="1" failures="0" timestamp="6 Apr 2022 12:43:32 GMT" time="53.270" errors="0">
  <testcase name="LoginOrganicoTopoHomeWEB" time="53.270" classname="cenarios._002LoginOrganicoTopo"/>
</testsuite> <!-- cenarios._002LoginOrganicoTopo -->
