<?xml version="1.0" encoding="UTF-8"?>
<!-- Generated by org.testng.reporters.JUnitReportReporter -->
<testsuite hostname="HDU82504" name="exemplos._007CompraBoletoBancarioQR" tests="1" failures="0" timestamp="21 Dec 2021 21:23:43 GMT" time="67.077" errors="0">
  <testcase name="CompraBoletoBancarioQR" time="67.077" classname="exemplos._007CompraBoletoBancarioQR"/>
</testsuite> <!-- exemplos._007CompraBoletoBancarioQR -->
