<?xml version="1.0" encoding="UTF-8"?>
<!-- Generated by org.testng.reporters.JUnitReportReporter -->
<testsuite hostname="HDU82504" name="API._036APIVCSA" tests="1" failures="0" timestamp="14 Apr 2022 13:54:42 GMT" time="23.745" errors="0">
  <testcase name="APIVCSA" time="23.745" classname="API._036APIVCSA"/>
</testsuite> <!-- API._036APIVCSA -->
