<?xml version="1.0" encoding="UTF-8"?>
<!-- Generated by org.testng.reporters.JUnitReportReporter -->
<testsuite hostname="HDU82504" name="cenarios._007CompraBoletoBancarioQR" tests="1" failures="0" timestamp="26 Jan 2022 19:45:32 GMT" time="72.499" errors="0">
  <testcase name="CompraBoletoBancarioQR" time="72.499" classname="cenarios._007CompraBoletoBancarioQR"/>
</testsuite> <!-- cenarios._007CompraBoletoBancarioQR -->
