<?xml version="1.0" encoding="UTF-8"?>
<!-- Generated by org.testng.reporters.JUnitReportReporter -->
<testsuite hostname="HDU82504" name="cenarios._012EnviarEmail" tests="1" failures="0" timestamp="18 Apr 2022 14:37:44 GMT" time="15.503" errors="0">
  <testcase name="EnviarEmail" time="15.503" classname="cenarios._012EnviarEmail"/>
</testsuite> <!-- cenarios._012EnviarEmail -->
