<?xml version="1.0" encoding="UTF-8"?>
<!-- Generated by org.testng.reporters.JUnitReportReporter -->
<testsuite hostname="HDU82504" name="cenarios._004CompraBoletoBancarioVeja" tests="1" failures="0" timestamp="6 Apr 2022 12:43:32 GMT" time="87.379" errors="0">
  <testcase name="CompraBoletoBancarioVeja" time="87.379" classname="cenarios._004CompraBoletoBancarioVeja"/>
</testsuite> <!-- cenarios._004CompraBoletoBancarioVeja -->
