<?xml version="1.0" encoding="UTF-8"?>
<!-- Generated by org.testng.reporters.JUnitReportReporter -->
<testsuite hostname="HDU82504" name="cenarios._039RelatorioUnico" tests="2" failures="0" timestamp="13 Apr 2022 16:54:11 GMT" time="35.696" errors="0">
  <testcase name="APIRelatorioUnico" time="16.284" classname="cenarios._039RelatorioUnico"/>
  <testcase name="APIQR" time="19.412" classname="cenarios._039RelatorioUnico"/>
</testsuite> <!-- cenarios._039RelatorioUnico -->
