<?xml version="1.0" encoding="UTF-8"?>
<!-- Generated by org.testng.reporters.JUnitReportReporter -->
<testsuite hostname="HDU82504" name="API._037APIVCRH" tests="1" failures="0" timestamp="14 Apr 2022 13:54:42 GMT" time="19.536" errors="0">
  <testcase name="APIVCRH" time="19.536" classname="API._037APIVCRH"/>
</testsuite> <!-- API._037APIVCRH -->
