<?xml version="1.0" encoding="UTF-8"?>
<!-- Generated by org.testng.reporters.JUnitReportReporter -->
<testsuite hostname="HDU82504" name="novo_login._020Login_Persistencia_Vejario" tests="1" failures="0" timestamp="25 Feb 2022 14:12:51 GMT" time="91.211" errors="0">
  <testcase name="Login_Persistencia_Vejario" time="91.211" classname="novo_login._020Login_Persistencia_Vejario"/>
</testsuite> <!-- novo_login._020Login_Persistencia_Vejario -->
