<?xml version="1.0" encoding="UTF-8"?>
<!-- Generated by org.testng.reporters.JUnitReportReporter -->
<testsuite hostname="HDU82504" name="novo_login._015Login_Organico" tests="1" failures="0" timestamp="24 Feb 2022 18:04:21 GMT" time="63.339" errors="0">
  <testcase name="Login_Organico" time="63.339" classname="novo_login._015Login_Organico"/>
</testsuite> <!-- novo_login._015Login_Organico -->
