<?xml version="1.0" encoding="UTF-8"?>
<!-- Generated by org.testng.reporters.JUnitReportReporter -->
<testsuite hostname="HDU82504" name="API._003TodasMarcas" tests="1" failures="0" timestamp="12 May 2022 11:56:29 GMT" time="34.540" errors="0">
  <testcase name="TodasMarcas" time="34.540" classname="API._003TodasMarcas"/>
</testsuite> <!-- API._003TodasMarcas -->
