<?xml version="1.0" encoding="UTF-8"?>
<!-- Generated by org.testng.reporters.JUnitReportReporter -->
<testsuite hostname="HDU82504" name="cenarios._005LoginOrgBlockFechadoWEB" tests="1" failures="0" timestamp="6 Apr 2022 12:43:32 GMT" time="107.698" errors="0">
  <testcase name="LoginOrgBlockFechadoWEB" time="107.698" classname="cenarios._005LoginOrgBlockFechadoWEB"/>
</testsuite> <!-- cenarios._005LoginOrgBlockFechadoWEB -->
