<?xml version="1.0" encoding="UTF-8"?>
<!-- Generated by org.testng.reporters.JUnitReportReporter -->
<testsuite hostname="HDU82504" name="Indexados._016Indexados_Google" tests="1" failures="0" timestamp="22 Feb 2022 14:48:43 GMT" time="40.431" errors="0">
  <testcase name="Indexados_Google" time="40.431" classname="Indexados._016Indexados_Google"/>
</testsuite> <!-- Indexados._016Indexados_Google -->
