<?xml version="1.0" encoding="UTF-8"?>
<!-- Generated by org.testng.reporters.JUnitReportReporter -->
<testsuite hostname="HDU82504" name="API._033APIVejaRio" tests="1" failures="0" timestamp="14 Apr 2022 13:54:43 GMT" time="18.259" errors="0">
  <testcase name="APIVejaRio" time="18.259" classname="API._033APIVejaRio"/>
</testsuite> <!-- API._033APIVejaRio -->
