<?xml version="1.0" encoding="UTF-8"?>
<!-- Generated by org.testng.reporters.JUnitReportReporter -->
<testsuite hostname="HDU82504" name="cenarios._029RegraBloqueioSuper" tests="1" failures="0" timestamp="5 Apr 2022 23:21:33 GMT" time="149.688" errors="0">
  <testcase name="RegraBloqueioSuper" time="149.688" classname="cenarios._029RegraBloqueioSuper"/>
</testsuite> <!-- cenarios._029RegraBloqueioSuper -->
