<?xml version="1.0" encoding="UTF-8"?>
<!-- Generated by org.testng.reporters.JUnitReportReporter -->
<testsuite hostname="HDU82504" name="cenarios._013TesteSaudeDigitalChekout2" tests="1" failures="0" timestamp="6 Apr 2022 12:43:32 GMT" time="64.516" errors="0">
  <testcase name="TesteSaudeDigitalChekout2" time="64.516" classname="cenarios._013TesteSaudeDigitalChekout2"/>
</testsuite> <!-- cenarios._013TesteSaudeDigitalChekout2 -->
