<?xml version="1.0" encoding="UTF-8"?>
<!-- Generated by org.testng.reporters.JUnitReportReporter -->
<testsuite hostname="HDU82504" name="cenarios._024RegraBloqueioVejaSaude" tests="1" failures="0" timestamp="5 Apr 2022 23:07:05 GMT" time="205.975" errors="0">
  <testcase name="RegraBloqueioVejaSaude" time="205.975" classname="cenarios._024RegraBloqueioVejaSaude"/>
</testsuite> <!-- cenarios._024RegraBloqueioVejaSaude -->
