<?xml version="1.0" encoding="UTF-8"?>
<!-- Generated by org.testng.reporters.JUnitReportReporter -->
<testsuite hostname="HDU82504" name="cenarios._014ValidaCpfInvalido" tests="1" failures="0" timestamp="14 Mar 2022 11:39:07 GMT" time="144.410" errors="0">
  <testcase name="ValidaCpfInvalido" time="144.410" classname="cenarios._014ValidaCpfInvalido"/>
</testsuite> <!-- cenarios._014ValidaCpfInvalido -->
