<?xml version="1.0" encoding="UTF-8"?>
<!-- Generated by org.testng.reporters.JUnitReportReporter -->
<testsuite hostname="HDU82504" name="cenarios_paralelo._001CalcularPrecoPrazoEntregaCartaRegistrada" tests="1" failures="0" timestamp="10 Jan 2022 14:55:16 GMT" time="20.398" errors="0">
  <testcase name="_001_carta_registrada" time="20.398" classname="cenarios_paralelo._001CalcularPrecoPrazoEntregaCartaRegistrada"/>
</testsuite> <!-- cenarios_paralelo._001CalcularPrecoPrazoEntregaCartaRegistrada -->
