<?xml version="1.0" encoding="UTF-8"?>
<!-- Generated by org.testng.reporters.JUnitReportReporter -->
<testsuite hostname="HDU82504" name="API._002EnviarEmail" tests="1" failures="0" timestamp="4 May 2022 11:59:21 GMT" time="22.539" errors="0">
  <testcase name="EnviarEmail" time="22.539" classname="API._002EnviarEmail"/>
</testsuite> <!-- API._002EnviarEmail -->
