<?xml version="1.0" encoding="UTF-8"?>
<!-- Generated by org.testng.reporters.JUnitReportReporter -->
<testsuite hostname="HDU82504" name="API._032APIVejaSP" tests="1" failures="0" timestamp="14 Apr 2022 13:54:42 GMT" time="39.688" errors="0">
  <testcase name="APIVejaSP" time="39.688" classname="API._032APIVejaSP"/>
</testsuite> <!-- API._032APIVejaSP -->
