<?xml version="1.0" encoding="UTF-8"?>
<!-- Generated by org.testng.reporters.JUnitReportReporter -->
<testsuite hostname="HDU82504" name="cenarios._001LoginOrgAvisoLeituraWEB" tests="1" failures="0" timestamp="6 Apr 2022 12:43:32 GMT" time="90.803" errors="0">
  <testcase name="LoginOrgAvisoLeituraWEB" time="90.803" classname="cenarios._001LoginOrgAvisoLeituraWEB"/>
</testsuite> <!-- cenarios._001LoginOrgAvisoLeituraWEB -->
