<?xml version="1.0" encoding="UTF-8"?>
<!-- Generated by org.testng.reporters.JUnitReportReporter -->
<testsuite hostname="HDU82504" name="API._003TodasMarcasSemanal" tests="1" failures="0" timestamp="26 Apr 2022 11:59:06 GMT" time="12.637" errors="0">
  <testcase name="TodasMarcasSemanal" time="12.637" classname="API._003TodasMarcasSemanal"/>
</testsuite> <!-- API._003TodasMarcasSemanal -->
