<?xml version="1.0" encoding="UTF-8"?>
<!-- Generated by org.testng.reporters.JUnitReportReporter -->
<testsuite hostname="HDU82504" name="cenarios._025RegraBloqueioQR" tests="1" failures="0" timestamp="5 Apr 2022 23:07:05 GMT" time="187.222" errors="0">
  <testcase name="RegraBloqueioQR" time="187.222" classname="cenarios._025RegraBloqueioQR"/>
</testsuite> <!-- cenarios._025RegraBloqueioQR -->
