<?xml version="1.0" encoding="UTF-8"?>
<!-- Generated by org.testng.reporters.JUnitReportReporter -->
<testsuite hostname="HDU82504" name="cenarios._008TesteAssineAbrilDebito" tests="1" failures="0" timestamp="26 Jan 2022 19:45:32 GMT" time="67.422" errors="0">
  <testcase name="TesteAssineAbrilDebito" time="67.422" classname="cenarios._008TesteAssineAbrilDebito"/>
</testsuite> <!-- cenarios._008TesteAssineAbrilDebito -->
