<?xml version="1.0" encoding="UTF-8"?>
<!-- Generated by org.testng.reporters.JUnitReportReporter -->
<testsuite hostname="HDU82504" name="cenarios._006CompraDebitoAutomaticoQR" tests="1" failures="0" timestamp="26 Jan 2022 19:45:32 GMT" time="91.105" errors="0">
  <testcase name="CompraDebitoAutomaticoQR" time="91.105" classname="cenarios._006CompraDebitoAutomaticoQR"/>
</testsuite> <!-- cenarios._006CompraDebitoAutomaticoQR -->
