<?xml version="1.0" encoding="UTF-8"?>
<!-- Generated by org.testng.reporters.JUnitReportReporter -->
<testsuite hostname="HDU82504" name="novo_login._019Login_Organico_Topo" tests="1" failures="0" timestamp="24 Feb 2022 19:07:17 GMT" time="53.375" errors="0">
  <testcase name="Login_Organico_Topo" time="53.375" classname="novo_login._019Login_Organico_Topo"/>
</testsuite> <!-- novo_login._019Login_Organico_Topo -->
