<?xml version="1.0" encoding="UTF-8"?>
<!-- Generated by org.testng.reporters.JUnitReportReporter -->
<testsuite hostname="HDU82504" name="cenarios._040Merging" tests="1" failures="0" timestamp="14 Apr 2022 13:54:42 GMT" time="28.576" errors="0">
  <testcase name="Merging" time="28.576" classname="cenarios._040Merging"/>
</testsuite> <!-- cenarios._040Merging -->
