<?xml version="1.0" encoding="UTF-8"?>
<!-- Generated by org.testng.reporters.JUnitReportReporter -->
<testsuite hostname="HDU82504" name="cenarios._002LoginOrg창nicoTopoHomeWEB" tests="1" failures="0" timestamp="20 Jan 2022 21:05:18 GMT" time="40.942" errors="0">
  <testcase name="LoginOrg창nicoTopoHomeWEB" time="40.942" classname="cenarios._002LoginOrg창nicoTopoHomeWEB"/>
</testsuite> <!-- cenarios._002LoginOrg창nicoTopoHomeWEB -->
