<?xml version="1.0" encoding="UTF-8"?>
<!-- Generated by org.testng.reporters.JUnitReportReporter -->
<testsuite hostname="HDU82504" name="exemplos._008TesteAssineAbrilDebito" tests="1" failures="0" timestamp="21 Dec 2021 21:23:43 GMT" time="43.082" errors="0">
  <testcase name="TesteAssineAbrilDebito" time="43.082" classname="exemplos._008TesteAssineAbrilDebito"/>
</testsuite> <!-- exemplos._008TesteAssineAbrilDebito -->
