<?xml version="1.0" encoding="UTF-8"?>
<!-- Generated by org.testng.reporters.JUnitReportReporter -->
<testsuite hostname="HDU82504" name="cenarios._027RegraBloqueioVC_RH" tests="1" failures="0" timestamp="4 Apr 2022 17:03:38 GMT" time="135.843" errors="0">
  <testcase name="RegraBloqueioVC_RH" time="135.843" classname="cenarios._027RegraBloqueioVC_RH"/>
</testsuite> <!-- cenarios._027RegraBloqueioVC_RH -->
