<?xml version="1.0" encoding="UTF-8"?>
<!-- Generated by org.testng.reporters.JUnitReportReporter -->
<testsuite hostname="HDU82504" name="API._001TodasMarcas" tests="1" failures="0" timestamp="28 Apr 2022 09:38:31 GMT" time="21.713" errors="0">
  <testcase name="TodasMarcas" time="21.713" classname="API._001TodasMarcas"/>
</testsuite> <!-- API._001TodasMarcas -->
