<?xml version="1.0" encoding="UTF-8"?>
<!-- Generated by org.testng.reporters.JUnitReportReporter -->
<testsuite hostname="HDU82504" name="cenarios._009TesteAssineAbrilBoleto" tests="1" failures="0" timestamp="26 Jan 2022 19:45:32 GMT" time="43.955" errors="0">
  <testcase name="TesteAssineAbrilBoleto" time="43.955" classname="cenarios._009TesteAssineAbrilBoleto"/>
</testsuite> <!-- cenarios._009TesteAssineAbrilBoleto -->
