<?xml version="1.0" encoding="UTF-8"?>
<!-- Generated by org.testng.reporters.JUnitReportReporter -->
<testsuite hostname="HDU82504" name="novo_login._018Login_Google_WEB" tests="1" failures="0" timestamp="22 Feb 2022 12:32:36 GMT" time="29.922" errors="0">
  <testcase name="Login_Google_WEB" time="29.922" classname="novo_login._018Login_Google_WEB"/>
</testsuite> <!-- novo_login._018Login_Google_WEB -->
