<?xml version="1.0" encoding="UTF-8"?>
<!-- Generated by org.testng.reporters.JUnitReportReporter -->
<testsuite hostname="HDU82504" name="exemplos._009TesteAssineAbrilBoleto" tests="1" failures="0" timestamp="21 Dec 2021 21:23:43 GMT" time="37.958" errors="0">
  <testcase name="TesteAssineAbrilBoleto" time="37.958" classname="exemplos._009TesteAssineAbrilBoleto"/>
</testsuite> <!-- exemplos._009TesteAssineAbrilBoleto -->
