<?xml version="1.0" encoding="UTF-8"?>
<!-- Generated by org.testng.reporters.JUnitReportReporter -->
<testsuite hostname="HDU82504" name="API._035APISuper" tests="1" failures="0" timestamp="14 Apr 2022 13:54:42 GMT" time="35.960" errors="0">
  <testcase name="APISuper" time="35.960" classname="API._035APISuper"/>
</testsuite> <!-- API._035APISuper -->
