<?xml version="1.0" encoding="UTF-8"?>
<!-- Generated by org.testng.reporters.JUnitReportReporter -->
<testsuite hostname="HDU82504" name="cenarios._026RegraBloqueioVC_SA" tests="1" failures="0" timestamp="5 Apr 2022 23:47:26 GMT" time="137.736" errors="0">
  <testcase name="RegraBloqueioVC_SA" time="137.736" classname="cenarios._026RegraBloqueioVC_SA"/>
</testsuite> <!-- cenarios._026RegraBloqueioVC_SA -->
