<?xml version="1.0" encoding="UTF-8"?>
<!-- Generated by org.testng.reporters.JUnitReportReporter -->
<testsuite hostname="HDU82504" name="API._038APIGE" tests="1" failures="0" timestamp="14 Apr 2022 13:54:42 GMT" time="40.251" errors="0">
  <testcase name="APIGE" time="40.251" classname="API._038APIGE"/>
</testsuite> <!-- API._038APIGE -->
