<?xml version="1.0" encoding="UTF-8"?>
<!-- Generated by org.testng.reporters.JUnitReportReporter -->
<testsuite hostname="HDU82504" name="API._031APIQR" tests="1" failures="0" timestamp="19 Apr 2022 18:45:35 GMT" time="46.310" errors="0">
  <testcase name="APIQR" time="46.310" classname="API._031APIQR"/>
</testsuite> <!-- API._031APIQR -->
