<?xml version="1.0" encoding="UTF-8"?>
<!-- Generated by org.testng.reporters.JUnitReportReporter -->
<testsuite hostname="HDU82504" name="exemplos._004CompraBoletoBancarioVeja" tests="1" failures="0" timestamp="29 Dec 2021 23:50:11 GMT" time="69.915" errors="0">
  <testcase name="CompraBoletoBancarioVeja" time="69.915" classname="exemplos._004CompraBoletoBancarioVeja"/>
</testsuite> <!-- exemplos._004CompraBoletoBancarioVeja -->
