<?xml version="1.0" encoding="UTF-8"?>
<!-- Generated by org.testng.reporters.JUnitReportReporter -->
<testsuite hostname="HDU82504" name="exemplos._005LoginOrgBlockFechadoWEB" tests="1" failures="0" timestamp="29 Dec 2021 23:34:35 GMT" time="46.659" errors="0">
  <testcase name="LoginOrgBlockFechadoWEB" time="46.659" classname="exemplos._005LoginOrgBlockFechadoWEB"/>
</testsuite> <!-- exemplos._005LoginOrgBlockFechadoWEB -->
