<?xml version="1.0" encoding="UTF-8"?>
<!-- Generated by org.testng.reporters.JUnitReportReporter -->
<testsuite hostname="HDU82504" name="novo_login._015Login_Amp" tests="1" failures="0" timestamp="16 Feb 2022 14:19:55 GMT" time="39.216" errors="0">
  <testcase name="Login_Amp" time="39.216" classname="novo_login._015Login_Amp"/>
</testsuite> <!-- novo_login._015Login_Amp -->
