<?xml version="1.0" encoding="UTF-8"?>
<!-- Generated by org.testng.reporters.JUnitReportReporter -->
<testsuite hostname="HDU82504" name="exemplos._003CompraDebitoAutomaticoVeja" tests="1" failures="0" timestamp="3 Jan 2022 12:38:05 GMT" time="111.765" errors="0">
  <testcase name="CompraDebitoAutomaticoVeja" time="111.765" classname="exemplos._003CompraDebitoAutomaticoVeja"/>
</testsuite> <!-- exemplos._003CompraDebitoAutomaticoVeja -->
